2020-04-20 00:08:16.723  INFO 12164 --- [SessionValidationThread-1] a.s.s.m.AbstractValidatingSessionManager : Validating all active sessions...
2020-04-20 00:08:16.749  INFO 12164 --- [SessionValidationThread-1] a.s.s.m.AbstractValidatingSessionManager : Finished session validation.  No sessions were stopped.
2020-04-20 00:17:56.416  INFO 12164 --- [Thread-17] o.s.s.concurrent.ThreadPoolTaskExecutor  : Shutting down ExecutorService 'applicationTaskExecutor'
2020-04-20 00:17:56.422  INFO 12164 --- [Thread-17] com.alibaba.druid.pool.DruidDataSource   : {dataSource-1} closed
2020-04-20 00:18:06.601  INFO 14796 --- [main] com.tech.uc.UCApplication                : Starting UCApplication on DESKTOP-PADF7J8 with PID 14796 (D:\devApp\ideaData\uc\target\classes started by Administrator in D:\devApp\ideaData\uc)
2020-04-20 00:18:06.606  INFO 14796 --- [main] com.tech.uc.UCApplication                : The following profiles are active: dev
2020-04-20 00:18:07.639  INFO 14796 --- [main] .s.d.r.c.RepositoryConfigurationDelegate : Multiple Spring Data modules found, entering strict repository configuration mode!
2020-04-20 00:18:07.641  INFO 14796 --- [main] .s.d.r.c.RepositoryConfigurationDelegate : Bootstrapping Spring Data repositories in DEFAULT mode.
2020-04-20 00:18:07.669  INFO 14796 --- [main] .s.d.r.c.RepositoryConfigurationDelegate : Finished Spring Data repository scanning in 16ms. Found 0 repository interfaces.
2020-04-20 00:18:07.770  WARN 14796 --- [main] o.m.s.mapper.ClassPathMapperScanner      : Skipping MapperFactoryBean with name 'dictGroupMapper' and 'com.tech.uc.mapper.DictGroupMapper' mapperInterface. Bean already defined with the same name!
2020-04-20 00:18:07.770  WARN 14796 --- [main] o.m.s.mapper.ClassPathMapperScanner      : Skipping MapperFactoryBean with name 'dictItemMapper' and 'com.tech.uc.mapper.DictItemMapper' mapperInterface. Bean already defined with the same name!
2020-04-20 00:18:07.770  WARN 14796 --- [main] o.m.s.mapper.ClassPathMapperScanner      : Skipping MapperFactoryBean with name 'fileMapper' and 'com.tech.uc.mapper.FileMapper' mapperInterface. Bean already defined with the same name!
2020-04-20 00:18:07.770  WARN 14796 --- [main] o.m.s.mapper.ClassPathMapperScanner      : Skipping MapperFactoryBean with name 'orgMapper' and 'com.tech.uc.mapper.OrgMapper' mapperInterface. Bean already defined with the same name!
2020-04-20 00:18:07.770  WARN 14796 --- [main] o.m.s.mapper.ClassPathMapperScanner      : Skipping MapperFactoryBean with name 'resourceMapper' and 'com.tech.uc.mapper.ResourceMapper' mapperInterface. Bean already defined with the same name!
2020-04-20 00:18:07.770  WARN 14796 --- [main] o.m.s.mapper.ClassPathMapperScanner      : Skipping MapperFactoryBean with name 'roleMapper' and 'com.tech.uc.mapper.RoleMapper' mapperInterface. Bean already defined with the same name!
2020-04-20 00:18:07.771  WARN 14796 --- [main] o.m.s.mapper.ClassPathMapperScanner      : Skipping MapperFactoryBean with name 'serverMapper' and 'com.tech.uc.mapper.ServerMapper' mapperInterface. Bean already defined with the same name!
2020-04-20 00:18:07.771  WARN 14796 --- [main] o.m.s.mapper.ClassPathMapperScanner      : Skipping MapperFactoryBean with name 'userMapper' and 'com.tech.uc.mapper.UserMapper' mapperInterface. Bean already defined with the same name!
2020-04-20 00:18:07.937  INFO 14796 --- [main] trationDelegate$BeanPostProcessorChecker : Bean 'shiroConfig' of type [com.tech.uc.conf.ShiroConfig$$EnhancerBySpringCGLIB$$661ac161] is not eligible for getting processed by all BeanPostProcessors (for example: not eligible for auto-proxying)
2020-04-20 00:18:08.858  INFO 14796 --- [main] com.tech.uc.conf.ShiroConfig             : redisHost: localhost, redisPort: 
2020-04-20 00:18:08.860  INFO 14796 --- [main] trationDelegate$BeanPostProcessorChecker : Bean 'sessionIdGenerator' of type [com.tech.uc.conf.CustomSesisonIdGenerator] is not eligible for getting processed by all BeanPostProcessors (for example: not eligible for auto-proxying)
2020-04-20 00:18:08.868  INFO 14796 --- [main] trationDelegate$BeanPostProcessorChecker : Bean 'redisSessionDAO' of type [org.crazycake.shiro.RedisSessionDAO] is not eligible for getting processed by all BeanPostProcessors (for example: not eligible for auto-proxying)
2020-04-20 00:18:08.873  INFO 14796 --- [main] trationDelegate$BeanPostProcessorChecker : Bean 'simpleCookie' of type [org.apache.shiro.web.servlet.SimpleCookie] is not eligible for getting processed by all BeanPostProcessors (for example: not eligible for auto-proxying)
2020-04-20 00:18:08.888  INFO 14796 --- [main] trationDelegate$BeanPostProcessorChecker : Bean 'sessionManager' of type [com.tech.uc.conf.CustomSessionManager] is not eligible for getting processed by all BeanPostProcessors (for example: not eligible for auto-proxying)
2020-04-20 00:18:08.889  INFO 14796 --- [main] com.tech.uc.conf.ShiroConfig             : redisHost: localhost, redisPort: 
2020-04-20 00:18:08.894  INFO 14796 --- [main] trationDelegate$BeanPostProcessorChecker : Bean 'redisCacheManager' of type [org.crazycake.shiro.RedisCacheManager] is not eligible for getting processed by all BeanPostProcessors (for example: not eligible for auto-proxying)
2020-04-20 00:18:08.910  INFO 14796 --- [main] trationDelegate$BeanPostProcessorChecker : Bean 'org.springframework.boot.autoconfigure.data.redis.RedisAutoConfiguration' of type [org.springframework.boot.autoconfigure.data.redis.RedisAutoConfiguration$$EnhancerBySpringCGLIB$$8a313afa] is not eligible for getting processed by all BeanPostProcessors (for example: not eligible for auto-proxying)
2020-04-20 00:18:08.937  INFO 14796 --- [main] trationDelegate$BeanPostProcessorChecker : Bean 'spring.redis-org.springframework.boot.autoconfigure.data.redis.RedisProperties' of type [org.springframework.boot.autoconfigure.data.redis.RedisProperties] is not eligible for getting processed by all BeanPostProcessors (for example: not eligible for auto-proxying)
2020-04-20 00:18:08.941  INFO 14796 --- [main] trationDelegate$BeanPostProcessorChecker : Bean 'org.springframework.boot.autoconfigure.data.redis.LettuceConnectionConfiguration' of type [org.springframework.boot.autoconfigure.data.redis.LettuceConnectionConfiguration$$EnhancerBySpringCGLIB$$a9b3ce08] is not eligible for getting processed by all BeanPostProcessors (for example: not eligible for auto-proxying)
2020-04-20 00:18:09.018  INFO 14796 --- [main] trationDelegate$BeanPostProcessorChecker : Bean 'lettuceClientResources' of type [io.lettuce.core.resource.DefaultClientResources] is not eligible for getting processed by all BeanPostProcessors (for example: not eligible for auto-proxying)
2020-04-20 00:18:09.141  INFO 14796 --- [main] trationDelegate$BeanPostProcessorChecker : Bean 'redisConnectionFactory' of type [org.springframework.data.redis.connection.lettuce.LettuceConnectionFactory] is not eligible for getting processed by all BeanPostProcessors (for example: not eligible for auto-proxying)
2020-04-20 00:18:09.154  INFO 14796 --- [main] trationDelegate$BeanPostProcessorChecker : Bean 'redisTemplate' of type [org.springframework.data.redis.core.RedisTemplate] is not eligible for getting processed by all BeanPostProcessors (for example: not eligible for auto-proxying)
2020-04-20 00:18:09.155  INFO 14796 --- [main] trationDelegate$BeanPostProcessorChecker : Bean 'redisClient' of type [com.tech.uc.common.utils.RedisClient] is not eligible for getting processed by all BeanPostProcessors (for example: not eligible for auto-proxying)
2020-04-20 00:18:09.155  INFO 14796 --- [main] trationDelegate$BeanPostProcessorChecker : Bean 'hashedCredentialsMatcher' of type [com.tech.uc.conf.CustomMatcher] is not eligible for getting processed by all BeanPostProcessors (for example: not eligible for auto-proxying)
2020-04-20 00:18:09.184  INFO 14796 --- [main] trationDelegate$BeanPostProcessorChecker : Bean 'mybatis-plus-com.baomidou.mybatisplus.spring.boot.starter.MybatisPlusProperties' of type [com.baomidou.mybatisplus.spring.boot.starter.MybatisPlusProperties] is not eligible for getting processed by all BeanPostProcessors (for example: not eligible for auto-proxying)
2020-04-20 00:18:09.191  INFO 14796 --- [main] trationDelegate$BeanPostProcessorChecker : Bean 'com.baomidou.mybatisplus.spring.boot.starter.MybatisPlusAutoConfiguration' of type [com.baomidou.mybatisplus.spring.boot.starter.MybatisPlusAutoConfiguration$$EnhancerBySpringCGLIB$$e239ae1b] is not eligible for getting processed by all BeanPostProcessors (for example: not eligible for auto-proxying)
2020-04-20 00:18:09.193  INFO 14796 --- [main] trationDelegate$BeanPostProcessorChecker : Bean 'com.alibaba.druid.spring.boot.autoconfigure.DruidDataSourceAutoConfigure' of type [com.alibaba.druid.spring.boot.autoconfigure.DruidDataSourceAutoConfigure$$EnhancerBySpringCGLIB$$ae460530] is not eligible for getting processed by all BeanPostProcessors (for example: not eligible for auto-proxying)
2020-04-20 00:18:09.195  INFO 14796 --- [main] c.a.d.s.b.a.DruidDataSourceAutoConfigure : Init DruidDataSource
2020-04-20 00:18:09.251  INFO 14796 --- [main] trationDelegate$BeanPostProcessorChecker : Bean 'spring.datasource-org.springframework.boot.autoconfigure.jdbc.DataSourceProperties' of type [org.springframework.boot.autoconfigure.jdbc.DataSourceProperties] is not eligible for getting processed by all BeanPostProcessors (for example: not eligible for auto-proxying)
2020-04-20 00:18:09.253  INFO 14796 --- [main] trationDelegate$BeanPostProcessorChecker : Bean 'com.alibaba.druid.spring.boot.autoconfigure.stat.DruidFilterConfiguration' of type [com.alibaba.druid.spring.boot.autoconfigure.stat.DruidFilterConfiguration] is not eligible for getting processed by all BeanPostProcessors (for example: not eligible for auto-proxying)
2020-04-20 00:18:09.274  INFO 14796 --- [main] trationDelegate$BeanPostProcessorChecker : Bean 'statFilter' of type [com.alibaba.druid.filter.stat.StatFilter] is not eligible for getting processed by all BeanPostProcessors (for example: not eligible for auto-proxying)
2020-04-20 00:18:10.058  INFO 14796 --- [main] com.alibaba.druid.pool.DruidDataSource   : {dataSource-1} inited
2020-04-20 00:18:10.058  INFO 14796 --- [main] trationDelegate$BeanPostProcessorChecker : Bean 'dataSource' of type [com.alibaba.druid.spring.boot.autoconfigure.DruidDataSourceWrapper] is not eligible for getting processed by all BeanPostProcessors (for example: not eligible for auto-proxying)
2020-04-20 00:18:10.507  INFO 14796 --- [main] trationDelegate$BeanPostProcessorChecker : Bean 'sqlSessionFactory' of type [org.apache.ibatis.session.defaults.DefaultSqlSessionFactory] is not eligible for getting processed by all BeanPostProcessors (for example: not eligible for auto-proxying)
2020-04-20 00:18:10.510  INFO 14796 --- [main] trationDelegate$BeanPostProcessorChecker : Bean 'sqlSessionTemplate' of type [org.mybatis.spring.SqlSessionTemplate] is not eligible for getting processed by all BeanPostProcessors (for example: not eligible for auto-proxying)
2020-04-20 00:18:10.511  INFO 14796 --- [main] trationDelegate$BeanPostProcessorChecker : Bean 'userMapper' of type [org.mybatis.spring.mapper.MapperFactoryBean] is not eligible for getting processed by all BeanPostProcessors (for example: not eligible for auto-proxying)
2020-04-20 00:18:10.513  INFO 14796 --- [main] trationDelegate$BeanPostProcessorChecker : Bean 'userMapper' of type [com.sun.proxy.$Proxy66] is not eligible for getting processed by all BeanPostProcessors (for example: not eligible for auto-proxying)
2020-04-20 00:18:10.516  INFO 14796 --- [main] trationDelegate$BeanPostProcessorChecker : Bean 'roleMapper' of type [org.mybatis.spring.mapper.MapperFactoryBean] is not eligible for getting processed by all BeanPostProcessors (for example: not eligible for auto-proxying)
2020-04-20 00:18:10.517  INFO 14796 --- [main] trationDelegate$BeanPostProcessorChecker : Bean 'roleMapper' of type [com.sun.proxy.$Proxy67] is not eligible for getting processed by all BeanPostProcessors (for example: not eligible for auto-proxying)
2020-04-20 00:18:10.522  INFO 14796 --- [main] trationDelegate$BeanPostProcessorChecker : Bean 'orgMapper' of type [org.mybatis.spring.mapper.MapperFactoryBean] is not eligible for getting processed by all BeanPostProcessors (for example: not eligible for auto-proxying)
2020-04-20 00:18:10.523  INFO 14796 --- [main] trationDelegate$BeanPostProcessorChecker : Bean 'orgMapper' of type [com.sun.proxy.$Proxy69] is not eligible for getting processed by all BeanPostProcessors (for example: not eligible for auto-proxying)
2020-04-20 00:18:10.524  INFO 14796 --- [main] trationDelegate$BeanPostProcessorChecker : Bean 'orgServiceImpl' of type [com.tech.uc.service.impl.OrgServiceImpl] is not eligible for getting processed by all BeanPostProcessors (for example: not eligible for auto-proxying)
2020-04-20 00:18:10.528  INFO 14796 --- [main] trationDelegate$BeanPostProcessorChecker : Bean 'serverMapper' of type [org.mybatis.spring.mapper.MapperFactoryBean] is not eligible for getting processed by all BeanPostProcessors (for example: not eligible for auto-proxying)
2020-04-20 00:18:10.529  INFO 14796 --- [main] trationDelegate$BeanPostProcessorChecker : Bean 'serverMapper' of type [com.sun.proxy.$Proxy71] is not eligible for getting processed by all BeanPostProcessors (for example: not eligible for auto-proxying)
2020-04-20 00:18:10.530  INFO 14796 --- [main] trationDelegate$BeanPostProcessorChecker : Bean 'serverServiceImpl' of type [com.tech.uc.service.impl.ServerServiceImpl] is not eligible for getting processed by all BeanPostProcessors (for example: not eligible for auto-proxying)
2020-04-20 00:18:10.534  INFO 14796 --- [main] trationDelegate$BeanPostProcessorChecker : Bean 'dictGroupMapper' of type [org.mybatis.spring.mapper.MapperFactoryBean] is not eligible for getting processed by all BeanPostProcessors (for example: not eligible for auto-proxying)
2020-04-20 00:18:10.535  INFO 14796 --- [main] trationDelegate$BeanPostProcessorChecker : Bean 'dictGroupMapper' of type [com.sun.proxy.$Proxy72] is not eligible for getting processed by all BeanPostProcessors (for example: not eligible for auto-proxying)
2020-04-20 00:18:10.536  INFO 14796 --- [main] trationDelegate$BeanPostProcessorChecker : Bean 'dictGroupServiceImpl' of type [com.tech.uc.service.impl.DictGroupServiceImpl] is not eligible for getting processed by all BeanPostProcessors (for example: not eligible for auto-proxying)
2020-04-20 00:18:10.540  INFO 14796 --- [main] trationDelegate$BeanPostProcessorChecker : Bean 'dictItemMapper' of type [org.mybatis.spring.mapper.MapperFactoryBean] is not eligible for getting processed by all BeanPostProcessors (for example: not eligible for auto-proxying)
2020-04-20 00:18:10.541  INFO 14796 --- [main] trationDelegate$BeanPostProcessorChecker : Bean 'dictItemMapper' of type [com.sun.proxy.$Proxy73] is not eligible for getting processed by all BeanPostProcessors (for example: not eligible for auto-proxying)
2020-04-20 00:18:10.542  INFO 14796 --- [main] trationDelegate$BeanPostProcessorChecker : Bean 'dictItemServiceImpl' of type [com.tech.uc.service.impl.DictItemServiceImpl] is not eligible for getting processed by all BeanPostProcessors (for example: not eligible for auto-proxying)
2020-04-20 00:18:10.543  INFO 14796 --- [main] trationDelegate$BeanPostProcessorChecker : Bean 'userServiceImpl' of type [com.tech.uc.service.impl.UserServiceImpl] is not eligible for getting processed by all BeanPostProcessors (for example: not eligible for auto-proxying)
2020-04-20 00:18:10.543  INFO 14796 --- [main] trationDelegate$BeanPostProcessorChecker : Bean 'customRealm' of type [com.tech.uc.conf.CustomRealm] is not eligible for getting processed by all BeanPostProcessors (for example: not eligible for auto-proxying)
2020-04-20 00:18:10.546  INFO 14796 --- [main] trationDelegate$BeanPostProcessorChecker : Bean 'securityManager' of type [org.apache.shiro.web.mgt.DefaultWebSecurityManager] is not eligible for getting processed by all BeanPostProcessors (for example: not eligible for auto-proxying)
2020-04-20 00:18:10.547  INFO 14796 --- [main] com.tech.uc.conf.ShiroConfig             : 执行shiroFilterFactoryBean.shiroFilter()
2020-04-20 00:18:10.552  INFO 14796 --- [main] com.tech.uc.conf.ShiroConfig             : Shiro拦截器工厂类注入成功
2020-04-20 00:18:10.587  INFO 14796 --- [main] trationDelegate$BeanPostProcessorChecker : Bean 'org.springframework.transaction.annotation.ProxyTransactionManagementConfiguration' of type [org.springframework.transaction.annotation.ProxyTransactionManagementConfiguration$$EnhancerBySpringCGLIB$$949a0fbe] is not eligible for getting processed by all BeanPostProcessors (for example: not eligible for auto-proxying)
2020-04-20 00:18:10.598  INFO 14796 --- [main] trationDelegate$BeanPostProcessorChecker : Bean 'authorizationAttributeSourceAdvisor' of type [org.apache.shiro.spring.security.interceptor.AuthorizationAttributeSourceAdvisor] is not eligible for getting processed by all BeanPostProcessors (for example: not eligible for auto-proxying)
2020-04-20 00:18:10.890  INFO 14796 --- [main] o.s.b.w.embedded.tomcat.TomcatWebServer  : Tomcat initialized with port(s): 8080 (http)
2020-04-20 00:18:10.912  INFO 14796 --- [main] o.apache.catalina.core.StandardService   : Starting service [Tomcat]
2020-04-20 00:18:10.912  INFO 14796 --- [main] org.apache.catalina.core.StandardEngine  : Starting Servlet engine: [Apache Tomcat/9.0.21]
2020-04-20 00:18:11.026  INFO 14796 --- [main] o.a.c.c.C.[Tomcat].[localhost].[/api]    : Initializing Spring embedded WebApplicationContext
2020-04-20 00:18:11.026  INFO 14796 --- [main] o.s.web.context.ContextLoader            : Root WebApplicationContext: initialization completed in 4359 ms
2020-04-20 00:18:11.879  INFO 14796 --- [main] pertySourcedRequestMappingHandlerMapping : Mapped URL path [/v2/api-docs] onto method [public org.springframework.http.ResponseEntity<springfox.documentation.spring.web.json.Json> springfox.documentation.swagger2.web.Swagger2Controller.getDocumentation(java.lang.String,javax.servlet.http.HttpServletRequest)]
2020-04-20 00:18:12.099  INFO 14796 --- [main] o.s.s.concurrent.ThreadPoolTaskExecutor  : Initializing ExecutorService 'applicationTaskExecutor'
2020-04-20 00:18:12.590  INFO 14796 --- [main] d.s.w.p.DocumentationPluginsBootstrapper : Context refreshed
2020-04-20 00:18:12.612  INFO 14796 --- [main] d.s.w.p.DocumentationPluginsBootstrapper : Found 1 custom documentation plugin(s)
2020-04-20 00:18:12.647  INFO 14796 --- [main] s.d.s.w.s.ApiListingReferenceScanner     : Scanning for api listing references
2020-04-20 00:18:12.919  INFO 14796 --- [main] o.s.b.w.embedded.tomcat.TomcatWebServer  : Tomcat started on port(s): 8080 (http) with context path '/api'
2020-04-20 00:18:12.922  INFO 14796 --- [main] com.tech.uc.UCApplication                : Started UCApplication in 6.771 seconds (JVM running for 8.809)
2020-04-20 00:18:16.498  INFO 14796 --- [Thread-17] o.s.s.concurrent.ThreadPoolTaskExecutor  : Shutting down ExecutorService 'applicationTaskExecutor'
2020-04-20 00:18:16.508  INFO 14796 --- [Thread-17] com.alibaba.druid.pool.DruidDataSource   : {dataSource-1} closed
2020-04-20 00:18:23.825  INFO 14188 --- [main] com.tech.uc.UCApplication                : Starting UCApplication on DESKTOP-PADF7J8 with PID 14188 (D:\devApp\ideaData\uc\target\classes started by Administrator in D:\devApp\ideaData\uc)
2020-04-20 00:18:23.828  INFO 14188 --- [main] com.tech.uc.UCApplication                : The following profiles are active: dev
2020-04-20 00:18:24.803  INFO 14188 --- [main] .s.d.r.c.RepositoryConfigurationDelegate : Multiple Spring Data modules found, entering strict repository configuration mode!
2020-04-20 00:18:24.805  INFO 14188 --- [main] .s.d.r.c.RepositoryConfigurationDelegate : Bootstrapping Spring Data repositories in DEFAULT mode.
2020-04-20 00:18:24.833  INFO 14188 --- [main] .s.d.r.c.RepositoryConfigurationDelegate : Finished Spring Data repository scanning in 16ms. Found 0 repository interfaces.
2020-04-20 00:18:24.932  WARN 14188 --- [main] o.m.s.mapper.ClassPathMapperScanner      : Skipping MapperFactoryBean with name 'dictGroupMapper' and 'com.tech.uc.mapper.DictGroupMapper' mapperInterface. Bean already defined with the same name!
2020-04-20 00:18:24.932  WARN 14188 --- [main] o.m.s.mapper.ClassPathMapperScanner      : Skipping MapperFactoryBean with name 'dictItemMapper' and 'com.tech.uc.mapper.DictItemMapper' mapperInterface. Bean already defined with the same name!
2020-04-20 00:18:24.932  WARN 14188 --- [main] o.m.s.mapper.ClassPathMapperScanner      : Skipping MapperFactoryBean with name 'fileMapper' and 'com.tech.uc.mapper.FileMapper' mapperInterface. Bean already defined with the same name!
2020-04-20 00:18:24.932  WARN 14188 --- [main] o.m.s.mapper.ClassPathMapperScanner      : Skipping MapperFactoryBean with name 'orgMapper' and 'com.tech.uc.mapper.OrgMapper' mapperInterface. Bean already defined with the same name!
2020-04-20 00:18:24.932  WARN 14188 --- [main] o.m.s.mapper.ClassPathMapperScanner      : Skipping MapperFactoryBean with name 'resourceMapper' and 'com.tech.uc.mapper.ResourceMapper' mapperInterface. Bean already defined with the same name!
2020-04-20 00:18:24.932  WARN 14188 --- [main] o.m.s.mapper.ClassPathMapperScanner      : Skipping MapperFactoryBean with name 'roleMapper' and 'com.tech.uc.mapper.RoleMapper' mapperInterface. Bean already defined with the same name!
2020-04-20 00:18:24.932  WARN 14188 --- [main] o.m.s.mapper.ClassPathMapperScanner      : Skipping MapperFactoryBean with name 'serverMapper' and 'com.tech.uc.mapper.ServerMapper' mapperInterface. Bean already defined with the same name!
2020-04-20 00:18:24.933  WARN 14188 --- [main] o.m.s.mapper.ClassPathMapperScanner      : Skipping MapperFactoryBean with name 'userMapper' and 'com.tech.uc.mapper.UserMapper' mapperInterface. Bean already defined with the same name!
2020-04-20 00:18:25.098  INFO 14188 --- [main] trationDelegate$BeanPostProcessorChecker : Bean 'shiroConfig' of type [com.tech.uc.conf.ShiroConfig$$EnhancerBySpringCGLIB$$da38934b] is not eligible for getting processed by all BeanPostProcessors (for example: not eligible for auto-proxying)
2020-04-20 00:18:25.978  INFO 14188 --- [main] com.tech.uc.conf.ShiroConfig             : redisHost: localhost, redisPort: 
2020-04-20 00:18:25.980  INFO 14188 --- [main] trationDelegate$BeanPostProcessorChecker : Bean 'sessionIdGenerator' of type [com.tech.uc.conf.CustomSesisonIdGenerator] is not eligible for getting processed by all BeanPostProcessors (for example: not eligible for auto-proxying)
2020-04-20 00:18:25.981  INFO 14188 --- [main] trationDelegate$BeanPostProcessorChecker : Bean 'redisSessionDAO' of type [org.crazycake.shiro.RedisSessionDAO] is not eligible for getting processed by all BeanPostProcessors (for example: not eligible for auto-proxying)
2020-04-20 00:18:25.983  INFO 14188 --- [main] trationDelegate$BeanPostProcessorChecker : Bean 'simpleCookie' of type [org.apache.shiro.web.servlet.SimpleCookie] is not eligible for getting processed by all BeanPostProcessors (for example: not eligible for auto-proxying)
2020-04-20 00:18:25.986  INFO 14188 --- [main] trationDelegate$BeanPostProcessorChecker : Bean 'sessionManager' of type [com.tech.uc.conf.CustomSessionManager] is not eligible for getting processed by all BeanPostProcessors (for example: not eligible for auto-proxying)
2020-04-20 00:18:25.987  INFO 14188 --- [main] com.tech.uc.conf.ShiroConfig             : redisHost: localhost, redisPort: 
2020-04-20 00:18:25.988  INFO 14188 --- [main] trationDelegate$BeanPostProcessorChecker : Bean 'redisCacheManager' of type [org.crazycake.shiro.RedisCacheManager] is not eligible for getting processed by all BeanPostProcessors (for example: not eligible for auto-proxying)
2020-04-20 00:18:25.997  INFO 14188 --- [main] trationDelegate$BeanPostProcessorChecker : Bean 'org.springframework.boot.autoconfigure.data.redis.RedisAutoConfiguration' of type [org.springframework.boot.autoconfigure.data.redis.RedisAutoConfiguration$$EnhancerBySpringCGLIB$$fe4f0ce4] is not eligible for getting processed by all BeanPostProcessors (for example: not eligible for auto-proxying)
2020-04-20 00:18:26.021  INFO 14188 --- [main] trationDelegate$BeanPostProcessorChecker : Bean 'spring.redis-org.springframework.boot.autoconfigure.data.redis.RedisProperties' of type [org.springframework.boot.autoconfigure.data.redis.RedisProperties] is not eligible for getting processed by all BeanPostProcessors (for example: not eligible for auto-proxying)
2020-04-20 00:18:26.025  INFO 14188 --- [main] trationDelegate$BeanPostProcessorChecker : Bean 'org.springframework.boot.autoconfigure.data.redis.LettuceConnectionConfiguration' of type [org.springframework.boot.autoconfigure.data.redis.LettuceConnectionConfiguration$$EnhancerBySpringCGLIB$$1dd19ff2] is not eligible for getting processed by all BeanPostProcessors (for example: not eligible for auto-proxying)
2020-04-20 00:18:26.101  INFO 14188 --- [main] trationDelegate$BeanPostProcessorChecker : Bean 'lettuceClientResources' of type [io.lettuce.core.resource.DefaultClientResources] is not eligible for getting processed by all BeanPostProcessors (for example: not eligible for auto-proxying)
2020-04-20 00:18:26.222  INFO 14188 --- [main] trationDelegate$BeanPostProcessorChecker : Bean 'redisConnectionFactory' of type [org.springframework.data.redis.connection.lettuce.LettuceConnectionFactory] is not eligible for getting processed by all BeanPostProcessors (for example: not eligible for auto-proxying)
2020-04-20 00:18:26.235  INFO 14188 --- [main] trationDelegate$BeanPostProcessorChecker : Bean 'redisTemplate' of type [org.springframework.data.redis.core.RedisTemplate] is not eligible for getting processed by all BeanPostProcessors (for example: not eligible for auto-proxying)
2020-04-20 00:18:26.236  INFO 14188 --- [main] trationDelegate$BeanPostProcessorChecker : Bean 'redisClient' of type [com.tech.uc.common.utils.RedisClient] is not eligible for getting processed by all BeanPostProcessors (for example: not eligible for auto-proxying)
2020-04-20 00:18:26.236  INFO 14188 --- [main] trationDelegate$BeanPostProcessorChecker : Bean 'hashedCredentialsMatcher' of type [com.tech.uc.conf.CustomMatcher] is not eligible for getting processed by all BeanPostProcessors (for example: not eligible for auto-proxying)
2020-04-20 00:18:26.263  INFO 14188 --- [main] trationDelegate$BeanPostProcessorChecker : Bean 'mybatis-plus-com.baomidou.mybatisplus.spring.boot.starter.MybatisPlusProperties' of type [com.baomidou.mybatisplus.spring.boot.starter.MybatisPlusProperties] is not eligible for getting processed by all BeanPostProcessors (for example: not eligible for auto-proxying)
2020-04-20 00:18:26.270  INFO 14188 --- [main] trationDelegate$BeanPostProcessorChecker : Bean 'com.baomidou.mybatisplus.spring.boot.starter.MybatisPlusAutoConfiguration' of type [com.baomidou.mybatisplus.spring.boot.starter.MybatisPlusAutoConfiguration$$EnhancerBySpringCGLIB$$56578005] is not eligible for getting processed by all BeanPostProcessors (for example: not eligible for auto-proxying)
2020-04-20 00:18:26.272  INFO 14188 --- [main] trationDelegate$BeanPostProcessorChecker : Bean 'com.alibaba.druid.spring.boot.autoconfigure.DruidDataSourceAutoConfigure' of type [com.alibaba.druid.spring.boot.autoconfigure.DruidDataSourceAutoConfigure$$EnhancerBySpringCGLIB$$2263d71a] is not eligible for getting processed by all BeanPostProcessors (for example: not eligible for auto-proxying)
2020-04-20 00:18:26.274  INFO 14188 --- [main] c.a.d.s.b.a.DruidDataSourceAutoConfigure : Init DruidDataSource
2020-04-20 00:18:26.331  INFO 14188 --- [main] trationDelegate$BeanPostProcessorChecker : Bean 'spring.datasource-org.springframework.boot.autoconfigure.jdbc.DataSourceProperties' of type [org.springframework.boot.autoconfigure.jdbc.DataSourceProperties] is not eligible for getting processed by all BeanPostProcessors (for example: not eligible for auto-proxying)
2020-04-20 00:18:26.335  INFO 14188 --- [main] trationDelegate$BeanPostProcessorChecker : Bean 'com.alibaba.druid.spring.boot.autoconfigure.stat.DruidFilterConfiguration' of type [com.alibaba.druid.spring.boot.autoconfigure.stat.DruidFilterConfiguration] is not eligible for getting processed by all BeanPostProcessors (for example: not eligible for auto-proxying)
2020-04-20 00:18:26.355  INFO 14188 --- [main] trationDelegate$BeanPostProcessorChecker : Bean 'statFilter' of type [com.alibaba.druid.filter.stat.StatFilter] is not eligible for getting processed by all BeanPostProcessors (for example: not eligible for auto-proxying)
2020-04-20 00:18:27.133  INFO 14188 --- [main] com.alibaba.druid.pool.DruidDataSource   : {dataSource-1} inited
2020-04-20 00:18:27.134  INFO 14188 --- [main] trationDelegate$BeanPostProcessorChecker : Bean 'dataSource' of type [com.alibaba.druid.spring.boot.autoconfigure.DruidDataSourceWrapper] is not eligible for getting processed by all BeanPostProcessors (for example: not eligible for auto-proxying)
2020-04-20 00:18:27.568  INFO 14188 --- [main] trationDelegate$BeanPostProcessorChecker : Bean 'sqlSessionFactory' of type [org.apache.ibatis.session.defaults.DefaultSqlSessionFactory] is not eligible for getting processed by all BeanPostProcessors (for example: not eligible for auto-proxying)
2020-04-20 00:18:27.571  INFO 14188 --- [main] trationDelegate$BeanPostProcessorChecker : Bean 'sqlSessionTemplate' of type [org.mybatis.spring.SqlSessionTemplate] is not eligible for getting processed by all BeanPostProcessors (for example: not eligible for auto-proxying)
2020-04-20 00:18:27.572  INFO 14188 --- [main] trationDelegate$BeanPostProcessorChecker : Bean 'userMapper' of type [org.mybatis.spring.mapper.MapperFactoryBean] is not eligible for getting processed by all BeanPostProcessors (for example: not eligible for auto-proxying)
2020-04-20 00:18:27.574  INFO 14188 --- [main] trationDelegate$BeanPostProcessorChecker : Bean 'userMapper' of type [com.sun.proxy.$Proxy66] is not eligible for getting processed by all BeanPostProcessors (for example: not eligible for auto-proxying)
2020-04-20 00:18:27.577  INFO 14188 --- [main] trationDelegate$BeanPostProcessorChecker : Bean 'roleMapper' of type [org.mybatis.spring.mapper.MapperFactoryBean] is not eligible for getting processed by all BeanPostProcessors (for example: not eligible for auto-proxying)
2020-04-20 00:18:27.578  INFO 14188 --- [main] trationDelegate$BeanPostProcessorChecker : Bean 'roleMapper' of type [com.sun.proxy.$Proxy67] is not eligible for getting processed by all BeanPostProcessors (for example: not eligible for auto-proxying)
2020-04-20 00:18:27.583  INFO 14188 --- [main] trationDelegate$BeanPostProcessorChecker : Bean 'orgMapper' of type [org.mybatis.spring.mapper.MapperFactoryBean] is not eligible for getting processed by all BeanPostProcessors (for example: not eligible for auto-proxying)
2020-04-20 00:18:27.584  INFO 14188 --- [main] trationDelegate$BeanPostProcessorChecker : Bean 'orgMapper' of type [com.sun.proxy.$Proxy69] is not eligible for getting processed by all BeanPostProcessors (for example: not eligible for auto-proxying)
2020-04-20 00:18:27.585  INFO 14188 --- [main] trationDelegate$BeanPostProcessorChecker : Bean 'orgServiceImpl' of type [com.tech.uc.service.impl.OrgServiceImpl] is not eligible for getting processed by all BeanPostProcessors (for example: not eligible for auto-proxying)
2020-04-20 00:18:27.589  INFO 14188 --- [main] trationDelegate$BeanPostProcessorChecker : Bean 'serverMapper' of type [org.mybatis.spring.mapper.MapperFactoryBean] is not eligible for getting processed by all BeanPostProcessors (for example: not eligible for auto-proxying)
2020-04-20 00:18:27.590  INFO 14188 --- [main] trationDelegate$BeanPostProcessorChecker : Bean 'serverMapper' of type [com.sun.proxy.$Proxy71] is not eligible for getting processed by all BeanPostProcessors (for example: not eligible for auto-proxying)
2020-04-20 00:18:27.591  INFO 14188 --- [main] trationDelegate$BeanPostProcessorChecker : Bean 'serverServiceImpl' of type [com.tech.uc.service.impl.ServerServiceImpl] is not eligible for getting processed by all BeanPostProcessors (for example: not eligible for auto-proxying)
2020-04-20 00:18:27.594  INFO 14188 --- [main] trationDelegate$BeanPostProcessorChecker : Bean 'dictGroupMapper' of type [org.mybatis.spring.mapper.MapperFactoryBean] is not eligible for getting processed by all BeanPostProcessors (for example: not eligible for auto-proxying)
2020-04-20 00:18:27.595  INFO 14188 --- [main] trationDelegate$BeanPostProcessorChecker : Bean 'dictGroupMapper' of type [com.sun.proxy.$Proxy72] is not eligible for getting processed by all BeanPostProcessors (for example: not eligible for auto-proxying)
2020-04-20 00:18:27.596  INFO 14188 --- [main] trationDelegate$BeanPostProcessorChecker : Bean 'dictGroupServiceImpl' of type [com.tech.uc.service.impl.DictGroupServiceImpl] is not eligible for getting processed by all BeanPostProcessors (for example: not eligible for auto-proxying)
2020-04-20 00:18:27.600  INFO 14188 --- [main] trationDelegate$BeanPostProcessorChecker : Bean 'dictItemMapper' of type [org.mybatis.spring.mapper.MapperFactoryBean] is not eligible for getting processed by all BeanPostProcessors (for example: not eligible for auto-proxying)
2020-04-20 00:18:27.601  INFO 14188 --- [main] trationDelegate$BeanPostProcessorChecker : Bean 'dictItemMapper' of type [com.sun.proxy.$Proxy73] is not eligible for getting processed by all BeanPostProcessors (for example: not eligible for auto-proxying)
2020-04-20 00:18:27.602  INFO 14188 --- [main] trationDelegate$BeanPostProcessorChecker : Bean 'dictItemServiceImpl' of type [com.tech.uc.service.impl.DictItemServiceImpl] is not eligible for getting processed by all BeanPostProcessors (for example: not eligible for auto-proxying)
2020-04-20 00:18:27.603  INFO 14188 --- [main] trationDelegate$BeanPostProcessorChecker : Bean 'userServiceImpl' of type [com.tech.uc.service.impl.UserServiceImpl] is not eligible for getting processed by all BeanPostProcessors (for example: not eligible for auto-proxying)
2020-04-20 00:18:27.604  INFO 14188 --- [main] trationDelegate$BeanPostProcessorChecker : Bean 'customRealm' of type [com.tech.uc.conf.CustomRealm] is not eligible for getting processed by all BeanPostProcessors (for example: not eligible for auto-proxying)
2020-04-20 00:18:27.607  INFO 14188 --- [main] trationDelegate$BeanPostProcessorChecker : Bean 'securityManager' of type [org.apache.shiro.web.mgt.DefaultWebSecurityManager] is not eligible for getting processed by all BeanPostProcessors (for example: not eligible for auto-proxying)
2020-04-20 00:18:27.608  INFO 14188 --- [main] com.tech.uc.conf.ShiroConfig             : 执行shiroFilterFactoryBean.shiroFilter()
2020-04-20 00:18:27.615  INFO 14188 --- [main] com.tech.uc.conf.ShiroConfig             : Shiro拦截器工厂类注入成功
2020-04-20 00:18:27.648  INFO 14188 --- [main] trationDelegate$BeanPostProcessorChecker : Bean 'org.springframework.transaction.annotation.ProxyTransactionManagementConfiguration' of type [org.springframework.transaction.annotation.ProxyTransactionManagementConfiguration$$EnhancerBySpringCGLIB$$8b7e1a8] is not eligible for getting processed by all BeanPostProcessors (for example: not eligible for auto-proxying)
2020-04-20 00:18:27.659  INFO 14188 --- [main] trationDelegate$BeanPostProcessorChecker : Bean 'authorizationAttributeSourceAdvisor' of type [org.apache.shiro.spring.security.interceptor.AuthorizationAttributeSourceAdvisor] is not eligible for getting processed by all BeanPostProcessors (for example: not eligible for auto-proxying)
2020-04-20 00:18:27.946  INFO 14188 --- [main] o.s.b.w.embedded.tomcat.TomcatWebServer  : Tomcat initialized with port(s): 8080 (http)
2020-04-20 00:18:27.967  INFO 14188 --- [main] o.apache.catalina.core.StandardService   : Starting service [Tomcat]
2020-04-20 00:18:27.968  INFO 14188 --- [main] org.apache.catalina.core.StandardEngine  : Starting Servlet engine: [Apache Tomcat/9.0.21]
2020-04-20 00:18:28.077  INFO 14188 --- [main] o.a.c.c.C.[Tomcat].[localhost].[/api]    : Initializing Spring embedded WebApplicationContext
2020-04-20 00:18:28.077  INFO 14188 --- [main] o.s.web.context.ContextLoader            : Root WebApplicationContext: initialization completed in 4200 ms
2020-04-20 00:18:28.899  INFO 14188 --- [main] pertySourcedRequestMappingHandlerMapping : Mapped URL path [/v2/api-docs] onto method [public org.springframework.http.ResponseEntity<springfox.documentation.spring.web.json.Json> springfox.documentation.swagger2.web.Swagger2Controller.getDocumentation(java.lang.String,javax.servlet.http.HttpServletRequest)]
2020-04-20 00:18:29.118  INFO 14188 --- [main] o.s.s.concurrent.ThreadPoolTaskExecutor  : Initializing ExecutorService 'applicationTaskExecutor'
2020-04-20 00:18:29.599  INFO 14188 --- [main] d.s.w.p.DocumentationPluginsBootstrapper : Context refreshed
2020-04-20 00:18:29.620  INFO 14188 --- [main] d.s.w.p.DocumentationPluginsBootstrapper : Found 1 custom documentation plugin(s)
2020-04-20 00:18:29.654  INFO 14188 --- [main] s.d.s.w.s.ApiListingReferenceScanner     : Scanning for api listing references
2020-04-20 00:18:29.920  INFO 14188 --- [main] o.s.b.w.embedded.tomcat.TomcatWebServer  : Tomcat started on port(s): 8080 (http) with context path '/api'
2020-04-20 00:18:29.923  INFO 14188 --- [main] com.tech.uc.UCApplication                : Started UCApplication in 6.529 seconds (JVM running for 8.46)
2020-04-20 00:20:09.806  INFO 14188 --- [http-nio-8080-exec-1] o.a.c.c.C.[Tomcat].[localhost].[/api]    : Initializing Spring DispatcherServlet 'dispatcherServlet'
2020-04-20 00:20:09.807  INFO 14188 --- [http-nio-8080-exec-1] o.s.web.servlet.DispatcherServlet        : Initializing Servlet 'dispatcherServlet'
2020-04-20 00:20:09.820  INFO 14188 --- [http-nio-8080-exec-1] o.s.web.servlet.DispatcherServlet        : Completed initialization in 13 ms
2020-04-20 00:20:09.841  INFO 14188 --- [http-nio-8080-exec-1] a.s.s.m.AbstractValidatingSessionManager : Enabling session validation scheduler...
2020-04-20 00:33:28.854  INFO 14188 --- [Thread-17] o.s.s.concurrent.ThreadPoolTaskExecutor  : Shutting down ExecutorService 'applicationTaskExecutor'
2020-04-20 00:33:28.860  INFO 14188 --- [Thread-17] com.alibaba.druid.pool.DruidDataSource   : {dataSource-1} closed
2020-04-20 00:33:37.304  INFO 15468 --- [main] com.tech.uc.UCApplication                : Starting UCApplication on DESKTOP-PADF7J8 with PID 15468 (D:\devApp\ideaData\uc\target\classes started by Administrator in D:\devApp\ideaData\uc)
2020-04-20 00:33:37.307  INFO 15468 --- [main] com.tech.uc.UCApplication                : The following profiles are active: dev
2020-04-20 00:33:38.370  INFO 15468 --- [main] .s.d.r.c.RepositoryConfigurationDelegate : Multiple Spring Data modules found, entering strict repository configuration mode!
2020-04-20 00:33:38.373  INFO 15468 --- [main] .s.d.r.c.RepositoryConfigurationDelegate : Bootstrapping Spring Data repositories in DEFAULT mode.
2020-04-20 00:33:38.400  INFO 15468 --- [main] .s.d.r.c.RepositoryConfigurationDelegate : Finished Spring Data repository scanning in 14ms. Found 0 repository interfaces.
2020-04-20 00:33:38.499  WARN 15468 --- [main] o.m.s.mapper.ClassPathMapperScanner      : Skipping MapperFactoryBean with name 'dictGroupMapper' and 'com.tech.uc.mapper.DictGroupMapper' mapperInterface. Bean already defined with the same name!
2020-04-20 00:33:38.499  WARN 15468 --- [main] o.m.s.mapper.ClassPathMapperScanner      : Skipping MapperFactoryBean with name 'dictItemMapper' and 'com.tech.uc.mapper.DictItemMapper' mapperInterface. Bean already defined with the same name!
2020-04-20 00:33:38.500  WARN 15468 --- [main] o.m.s.mapper.ClassPathMapperScanner      : Skipping MapperFactoryBean with name 'fileMapper' and 'com.tech.uc.mapper.FileMapper' mapperInterface. Bean already defined with the same name!
2020-04-20 00:33:38.500  WARN 15468 --- [main] o.m.s.mapper.ClassPathMapperScanner      : Skipping MapperFactoryBean with name 'orgMapper' and 'com.tech.uc.mapper.OrgMapper' mapperInterface. Bean already defined with the same name!
2020-04-20 00:33:38.500  WARN 15468 --- [main] o.m.s.mapper.ClassPathMapperScanner      : Skipping MapperFactoryBean with name 'resourceMapper' and 'com.tech.uc.mapper.ResourceMapper' mapperInterface. Bean already defined with the same name!
2020-04-20 00:33:38.500  WARN 15468 --- [main] o.m.s.mapper.ClassPathMapperScanner      : Skipping MapperFactoryBean with name 'roleMapper' and 'com.tech.uc.mapper.RoleMapper' mapperInterface. Bean already defined with the same name!
2020-04-20 00:33:38.500  WARN 15468 --- [main] o.m.s.mapper.ClassPathMapperScanner      : Skipping MapperFactoryBean with name 'serverMapper' and 'com.tech.uc.mapper.ServerMapper' mapperInterface. Bean already defined with the same name!
2020-04-20 00:33:38.500  WARN 15468 --- [main] o.m.s.mapper.ClassPathMapperScanner      : Skipping MapperFactoryBean with name 'userMapper' and 'com.tech.uc.mapper.UserMapper' mapperInterface. Bean already defined with the same name!
2020-04-20 00:33:38.662  INFO 15468 --- [main] trationDelegate$BeanPostProcessorChecker : Bean 'shiroConfig' of type [com.tech.uc.conf.ShiroConfig$$EnhancerBySpringCGLIB$$9c409b3c] is not eligible for getting processed by all BeanPostProcessors (for example: not eligible for auto-proxying)
2020-04-20 00:33:39.558  INFO 15468 --- [main] com.tech.uc.conf.ShiroConfig             : redisHost: localhost, redisPort: 
2020-04-20 00:33:39.560  INFO 15468 --- [main] trationDelegate$BeanPostProcessorChecker : Bean 'sessionIdGenerator' of type [com.tech.uc.conf.CustomSesisonIdGenerator] is not eligible for getting processed by all BeanPostProcessors (for example: not eligible for auto-proxying)
2020-04-20 00:33:39.561  INFO 15468 --- [main] trationDelegate$BeanPostProcessorChecker : Bean 'redisSessionDAO' of type [org.crazycake.shiro.RedisSessionDAO] is not eligible for getting processed by all BeanPostProcessors (for example: not eligible for auto-proxying)
2020-04-20 00:33:39.563  INFO 15468 --- [main] trationDelegate$BeanPostProcessorChecker : Bean 'simpleCookie' of type [org.apache.shiro.web.servlet.SimpleCookie] is not eligible for getting processed by all BeanPostProcessors (for example: not eligible for auto-proxying)
2020-04-20 00:33:39.566  INFO 15468 --- [main] trationDelegate$BeanPostProcessorChecker : Bean 'sessionManager' of type [com.tech.uc.conf.CustomSessionManager] is not eligible for getting processed by all BeanPostProcessors (for example: not eligible for auto-proxying)
2020-04-20 00:33:39.567  INFO 15468 --- [main] com.tech.uc.conf.ShiroConfig             : redisHost: localhost, redisPort: 
2020-04-20 00:33:39.568  INFO 15468 --- [main] trationDelegate$BeanPostProcessorChecker : Bean 'redisCacheManager' of type [org.crazycake.shiro.RedisCacheManager] is not eligible for getting processed by all BeanPostProcessors (for example: not eligible for auto-proxying)
2020-04-20 00:33:39.576  INFO 15468 --- [main] trationDelegate$BeanPostProcessorChecker : Bean 'org.springframework.boot.autoconfigure.data.redis.RedisAutoConfiguration' of type [org.springframework.boot.autoconfigure.data.redis.RedisAutoConfiguration$$EnhancerBySpringCGLIB$$c05714d5] is not eligible for getting processed by all BeanPostProcessors (for example: not eligible for auto-proxying)
2020-04-20 00:33:39.601  INFO 15468 --- [main] trationDelegate$BeanPostProcessorChecker : Bean 'spring.redis-org.springframework.boot.autoconfigure.data.redis.RedisProperties' of type [org.springframework.boot.autoconfigure.data.redis.RedisProperties] is not eligible for getting processed by all BeanPostProcessors (for example: not eligible for auto-proxying)
2020-04-20 00:33:39.605  INFO 15468 --- [main] trationDelegate$BeanPostProcessorChecker : Bean 'org.springframework.boot.autoconfigure.data.redis.LettuceConnectionConfiguration' of type [org.springframework.boot.autoconfigure.data.redis.LettuceConnectionConfiguration$$EnhancerBySpringCGLIB$$dfd9a7e3] is not eligible for getting processed by all BeanPostProcessors (for example: not eligible for auto-proxying)
2020-04-20 00:33:39.681  INFO 15468 --- [main] trationDelegate$BeanPostProcessorChecker : Bean 'lettuceClientResources' of type [io.lettuce.core.resource.DefaultClientResources] is not eligible for getting processed by all BeanPostProcessors (for example: not eligible for auto-proxying)
2020-04-20 00:33:39.801  INFO 15468 --- [main] trationDelegate$BeanPostProcessorChecker : Bean 'redisConnectionFactory' of type [org.springframework.data.redis.connection.lettuce.LettuceConnectionFactory] is not eligible for getting processed by all BeanPostProcessors (for example: not eligible for auto-proxying)
2020-04-20 00:33:39.814  INFO 15468 --- [main] trationDelegate$BeanPostProcessorChecker : Bean 'redisTemplate' of type [org.springframework.data.redis.core.RedisTemplate] is not eligible for getting processed by all BeanPostProcessors (for example: not eligible for auto-proxying)
2020-04-20 00:33:39.815  INFO 15468 --- [main] trationDelegate$BeanPostProcessorChecker : Bean 'redisClient' of type [com.tech.uc.common.utils.RedisClient] is not eligible for getting processed by all BeanPostProcessors (for example: not eligible for auto-proxying)
2020-04-20 00:33:39.815  INFO 15468 --- [main] trationDelegate$BeanPostProcessorChecker : Bean 'hashedCredentialsMatcher' of type [com.tech.uc.conf.CustomMatcher] is not eligible for getting processed by all BeanPostProcessors (for example: not eligible for auto-proxying)
2020-04-20 00:33:39.842  INFO 15468 --- [main] trationDelegate$BeanPostProcessorChecker : Bean 'mybatis-plus-com.baomidou.mybatisplus.spring.boot.starter.MybatisPlusProperties' of type [com.baomidou.mybatisplus.spring.boot.starter.MybatisPlusProperties] is not eligible for getting processed by all BeanPostProcessors (for example: not eligible for auto-proxying)
2020-04-20 00:33:39.848  INFO 15468 --- [main] trationDelegate$BeanPostProcessorChecker : Bean 'com.baomidou.mybatisplus.spring.boot.starter.MybatisPlusAutoConfiguration' of type [com.baomidou.mybatisplus.spring.boot.starter.MybatisPlusAutoConfiguration$$EnhancerBySpringCGLIB$$185f87f6] is not eligible for getting processed by all BeanPostProcessors (for example: not eligible for auto-proxying)
2020-04-20 00:33:39.851  INFO 15468 --- [main] trationDelegate$BeanPostProcessorChecker : Bean 'com.alibaba.druid.spring.boot.autoconfigure.DruidDataSourceAutoConfigure' of type [com.alibaba.druid.spring.boot.autoconfigure.DruidDataSourceAutoConfigure$$EnhancerBySpringCGLIB$$e46bdf0b] is not eligible for getting processed by all BeanPostProcessors (for example: not eligible for auto-proxying)
2020-04-20 00:33:39.852  INFO 15468 --- [main] c.a.d.s.b.a.DruidDataSourceAutoConfigure : Init DruidDataSource
2020-04-20 00:33:39.909  INFO 15468 --- [main] trationDelegate$BeanPostProcessorChecker : Bean 'spring.datasource-org.springframework.boot.autoconfigure.jdbc.DataSourceProperties' of type [org.springframework.boot.autoconfigure.jdbc.DataSourceProperties] is not eligible for getting processed by all BeanPostProcessors (for example: not eligible for auto-proxying)
2020-04-20 00:33:39.913  INFO 15468 --- [main] trationDelegate$BeanPostProcessorChecker : Bean 'com.alibaba.druid.spring.boot.autoconfigure.stat.DruidFilterConfiguration' of type [com.alibaba.druid.spring.boot.autoconfigure.stat.DruidFilterConfiguration] is not eligible for getting processed by all BeanPostProcessors (for example: not eligible for auto-proxying)
2020-04-20 00:33:39.934  INFO 15468 --- [main] trationDelegate$BeanPostProcessorChecker : Bean 'statFilter' of type [com.alibaba.druid.filter.stat.StatFilter] is not eligible for getting processed by all BeanPostProcessors (for example: not eligible for auto-proxying)
2020-04-20 00:33:40.758  INFO 15468 --- [main] com.alibaba.druid.pool.DruidDataSource   : {dataSource-1} inited
2020-04-20 00:33:40.758  INFO 15468 --- [main] trationDelegate$BeanPostProcessorChecker : Bean 'dataSource' of type [com.alibaba.druid.spring.boot.autoconfigure.DruidDataSourceWrapper] is not eligible for getting processed by all BeanPostProcessors (for example: not eligible for auto-proxying)
2020-04-20 00:33:41.196  INFO 15468 --- [main] trationDelegate$BeanPostProcessorChecker : Bean 'sqlSessionFactory' of type [org.apache.ibatis.session.defaults.DefaultSqlSessionFactory] is not eligible for getting processed by all BeanPostProcessors (for example: not eligible for auto-proxying)
2020-04-20 00:33:41.199  INFO 15468 --- [main] trationDelegate$BeanPostProcessorChecker : Bean 'sqlSessionTemplate' of type [org.mybatis.spring.SqlSessionTemplate] is not eligible for getting processed by all BeanPostProcessors (for example: not eligible for auto-proxying)
2020-04-20 00:33:41.200  INFO 15468 --- [main] trationDelegate$BeanPostProcessorChecker : Bean 'userMapper' of type [org.mybatis.spring.mapper.MapperFactoryBean] is not eligible for getting processed by all BeanPostProcessors (for example: not eligible for auto-proxying)
2020-04-20 00:33:41.202  INFO 15468 --- [main] trationDelegate$BeanPostProcessorChecker : Bean 'userMapper' of type [com.sun.proxy.$Proxy66] is not eligible for getting processed by all BeanPostProcessors (for example: not eligible for auto-proxying)
2020-04-20 00:33:41.206  INFO 15468 --- [main] trationDelegate$BeanPostProcessorChecker : Bean 'roleMapper' of type [org.mybatis.spring.mapper.MapperFactoryBean] is not eligible for getting processed by all BeanPostProcessors (for example: not eligible for auto-proxying)
2020-04-20 00:33:41.207  INFO 15468 --- [main] trationDelegate$BeanPostProcessorChecker : Bean 'roleMapper' of type [com.sun.proxy.$Proxy67] is not eligible for getting processed by all BeanPostProcessors (for example: not eligible for auto-proxying)
2020-04-20 00:33:41.212  INFO 15468 --- [main] trationDelegate$BeanPostProcessorChecker : Bean 'orgMapper' of type [org.mybatis.spring.mapper.MapperFactoryBean] is not eligible for getting processed by all BeanPostProcessors (for example: not eligible for auto-proxying)
2020-04-20 00:33:41.213  INFO 15468 --- [main] trationDelegate$BeanPostProcessorChecker : Bean 'orgMapper' of type [com.sun.proxy.$Proxy69] is not eligible for getting processed by all BeanPostProcessors (for example: not eligible for auto-proxying)
2020-04-20 00:33:41.214  INFO 15468 --- [main] trationDelegate$BeanPostProcessorChecker : Bean 'orgServiceImpl' of type [com.tech.uc.service.impl.OrgServiceImpl] is not eligible for getting processed by all BeanPostProcessors (for example: not eligible for auto-proxying)
2020-04-20 00:33:41.218  INFO 15468 --- [main] trationDelegate$BeanPostProcessorChecker : Bean 'serverMapper' of type [org.mybatis.spring.mapper.MapperFactoryBean] is not eligible for getting processed by all BeanPostProcessors (for example: not eligible for auto-proxying)
2020-04-20 00:33:41.219  INFO 15468 --- [main] trationDelegate$BeanPostProcessorChecker : Bean 'serverMapper' of type [com.sun.proxy.$Proxy71] is not eligible for getting processed by all BeanPostProcessors (for example: not eligible for auto-proxying)
2020-04-20 00:33:41.220  INFO 15468 --- [main] trationDelegate$BeanPostProcessorChecker : Bean 'serverServiceImpl' of type [com.tech.uc.service.impl.ServerServiceImpl] is not eligible for getting processed by all BeanPostProcessors (for example: not eligible for auto-proxying)
2020-04-20 00:33:41.223  INFO 15468 --- [main] trationDelegate$BeanPostProcessorChecker : Bean 'dictGroupMapper' of type [org.mybatis.spring.mapper.MapperFactoryBean] is not eligible for getting processed by all BeanPostProcessors (for example: not eligible for auto-proxying)
2020-04-20 00:33:41.224  INFO 15468 --- [main] trationDelegate$BeanPostProcessorChecker : Bean 'dictGroupMapper' of type [com.sun.proxy.$Proxy72] is not eligible for getting processed by all BeanPostProcessors (for example: not eligible for auto-proxying)
2020-04-20 00:33:41.225  INFO 15468 --- [main] trationDelegate$BeanPostProcessorChecker : Bean 'dictGroupServiceImpl' of type [com.tech.uc.service.impl.DictGroupServiceImpl] is not eligible for getting processed by all BeanPostProcessors (for example: not eligible for auto-proxying)
2020-04-20 00:33:41.230  INFO 15468 --- [main] trationDelegate$BeanPostProcessorChecker : Bean 'dictItemMapper' of type [org.mybatis.spring.mapper.MapperFactoryBean] is not eligible for getting processed by all BeanPostProcessors (for example: not eligible for auto-proxying)
2020-04-20 00:33:41.230  INFO 15468 --- [main] trationDelegate$BeanPostProcessorChecker : Bean 'dictItemMapper' of type [com.sun.proxy.$Proxy73] is not eligible for getting processed by all BeanPostProcessors (for example: not eligible for auto-proxying)
2020-04-20 00:33:41.231  INFO 15468 --- [main] trationDelegate$BeanPostProcessorChecker : Bean 'dictItemServiceImpl' of type [com.tech.uc.service.impl.DictItemServiceImpl] is not eligible for getting processed by all BeanPostProcessors (for example: not eligible for auto-proxying)
2020-04-20 00:33:41.231  INFO 15468 --- [main] trationDelegate$BeanPostProcessorChecker : Bean 'userServiceImpl' of type [com.tech.uc.service.impl.UserServiceImpl] is not eligible for getting processed by all BeanPostProcessors (for example: not eligible for auto-proxying)
2020-04-20 00:33:41.232  INFO 15468 --- [main] trationDelegate$BeanPostProcessorChecker : Bean 'customRealm' of type [com.tech.uc.conf.CustomRealm] is not eligible for getting processed by all BeanPostProcessors (for example: not eligible for auto-proxying)
2020-04-20 00:33:41.235  INFO 15468 --- [main] trationDelegate$BeanPostProcessorChecker : Bean 'securityManager' of type [org.apache.shiro.web.mgt.DefaultWebSecurityManager] is not eligible for getting processed by all BeanPostProcessors (for example: not eligible for auto-proxying)
2020-04-20 00:33:41.236  INFO 15468 --- [main] com.tech.uc.conf.ShiroConfig             : 执行shiroFilterFactoryBean.shiroFilter()
2020-04-20 00:33:41.240  INFO 15468 --- [main] com.tech.uc.conf.ShiroConfig             : Shiro拦截器工厂类注入成功
2020-04-20 00:33:41.273  INFO 15468 --- [main] trationDelegate$BeanPostProcessorChecker : Bean 'org.springframework.transaction.annotation.ProxyTransactionManagementConfiguration' of type [org.springframework.transaction.annotation.ProxyTransactionManagementConfiguration$$EnhancerBySpringCGLIB$$cabfe999] is not eligible for getting processed by all BeanPostProcessors (for example: not eligible for auto-proxying)
2020-04-20 00:33:41.284  INFO 15468 --- [main] trationDelegate$BeanPostProcessorChecker : Bean 'authorizationAttributeSourceAdvisor' of type [org.apache.shiro.spring.security.interceptor.AuthorizationAttributeSourceAdvisor] is not eligible for getting processed by all BeanPostProcessors (for example: not eligible for auto-proxying)
2020-04-20 00:33:41.570  INFO 15468 --- [main] o.s.b.w.embedded.tomcat.TomcatWebServer  : Tomcat initialized with port(s): 8080 (http)
2020-04-20 00:33:41.591  INFO 15468 --- [main] o.apache.catalina.core.StandardService   : Starting service [Tomcat]
2020-04-20 00:33:41.591  INFO 15468 --- [main] org.apache.catalina.core.StandardEngine  : Starting Servlet engine: [Apache Tomcat/9.0.21]
2020-04-20 00:33:41.700  INFO 15468 --- [main] o.a.c.c.C.[Tomcat].[localhost].[/api]    : Initializing Spring embedded WebApplicationContext
2020-04-20 00:33:41.701  INFO 15468 --- [main] o.s.web.context.ContextLoader            : Root WebApplicationContext: initialization completed in 4338 ms
2020-04-20 00:33:42.537  INFO 15468 --- [main] pertySourcedRequestMappingHandlerMapping : Mapped URL path [/v2/api-docs] onto method [public org.springframework.http.ResponseEntity<springfox.documentation.spring.web.json.Json> springfox.documentation.swagger2.web.Swagger2Controller.getDocumentation(java.lang.String,javax.servlet.http.HttpServletRequest)]
2020-04-20 00:33:42.756  INFO 15468 --- [main] o.s.s.concurrent.ThreadPoolTaskExecutor  : Initializing ExecutorService 'applicationTaskExecutor'
2020-04-20 00:33:43.237  INFO 15468 --- [main] d.s.w.p.DocumentationPluginsBootstrapper : Context refreshed
2020-04-20 00:33:43.257  INFO 15468 --- [main] d.s.w.p.DocumentationPluginsBootstrapper : Found 1 custom documentation plugin(s)
2020-04-20 00:33:43.291  INFO 15468 --- [main] s.d.s.w.s.ApiListingReferenceScanner     : Scanning for api listing references
2020-04-20 00:33:43.555  INFO 15468 --- [main] o.s.b.w.embedded.tomcat.TomcatWebServer  : Tomcat started on port(s): 8080 (http) with context path '/api'
2020-04-20 00:33:43.558  INFO 15468 --- [main] com.tech.uc.UCApplication                : Started UCApplication in 6.789 seconds (JVM running for 8.899)
2020-04-20 00:33:56.275  INFO 15468 --- [http-nio-8080-exec-1] o.a.c.c.C.[Tomcat].[localhost].[/api]    : Initializing Spring DispatcherServlet 'dispatcherServlet'
2020-04-20 00:33:56.275  INFO 15468 --- [http-nio-8080-exec-1] o.s.web.servlet.DispatcherServlet        : Initializing Servlet 'dispatcherServlet'
2020-04-20 00:33:56.286  INFO 15468 --- [http-nio-8080-exec-1] o.s.web.servlet.DispatcherServlet        : Completed initialization in 11 ms
2020-04-20 00:33:56.307  INFO 15468 --- [http-nio-8080-exec-3] a.s.s.m.AbstractValidatingSessionManager : Enabling session validation scheduler...
